<?xml version="1.0" encoding="UTF-8"?>
<!-- Generated by org.testng.reporters.JUnitReportReporter -->
<testsuite skipped="0" hostname="LAPTOP-ESGI1RTN" name="com.api.Samp" tests="1" failures="0" timestamp="26 Jul 2022 11:05:04 GMT" time="3.943" errors="0">
  <testcase name="getusers" time="3.943" classname="com.api.Samp"/>
</testsuite> <!-- com.api.Samp -->
