<?xml version="1.0" encoding="UTF-8"?>
<!-- Generated by org.testng.reporters.JUnitReportReporter -->
<testsuite skipped="0" hostname="LAPTOP-ESGI1RTN" name="com.test.OMRBranchAPI" tests="1" failures="0" timestamp="29 Jul 2022 05:07:39 GMT" time="3.009" errors="0">
  <testcase name="login" time="3.009" classname="com.test.OMRBranchAPI"/>
</testsuite> <!-- com.test.OMRBranchAPI -->
