<?xml version="1.0" encoding="UTF-8"?>
<!-- Generated by org.testng.reporters.JUnitReportReporter -->
<testsuite skipped="0" hostname="LAPTOP-ESGI1RTN" name="com.api.OMRBranchAPI" tests="1" failures="0" timestamp="29 Jul 2022 06:03:40 GMT" time="3.699" errors="0">
  <testcase name="getusers" time="3.699" classname="com.api.OMRBranchAPI"/>
</testsuite> <!-- com.api.OMRBranchAPI -->
